mode: atomic
smtp-lite/internal/config/config.go:61.21,62.17 1 0
smtp-lite/internal/config/config.go:62.17,95.17 3 0
smtp-lite/internal/config/config.go:95.17,97.4 1 0
smtp-lite/internal/config/config.go:100.3,100.47 1 0
smtp-lite/internal/config/config.go:100.47,102.4 1 0
smtp-lite/internal/config/config.go:103.3,103.47 1 0
smtp-lite/internal/config/config.go:103.47,105.4 1 0
smtp-lite/internal/config/config.go:106.3,106.49 1 0
smtp-lite/internal/config/config.go:106.49,108.4 1 0
smtp-lite/internal/config/config.go:109.3,109.53 1 0
smtp-lite/internal/config/config.go:109.53,111.4 1 0
smtp-lite/internal/config/config.go:112.3,112.43 1 0
smtp-lite/internal/config/config.go:112.43,114.24 2 0
smtp-lite/internal/config/config.go:114.24,115.29 1 0
smtp-lite/internal/config/config.go:115.29,117.6 1 0
smtp-lite/internal/config/config.go:120.3,120.56 1 0
smtp-lite/internal/config/config.go:120.56,122.24 2 0
smtp-lite/internal/config/config.go:122.24,123.29 1 0
smtp-lite/internal/config/config.go:123.29,125.6 1 0
smtp-lite/internal/config/config.go:129.2,129.12 1 0
smtp-lite/internal/config/config.go:133.20,134.16 1 0
smtp-lite/internal/config/config.go:134.16,136.3 1 0
smtp-lite/internal/config/config.go:137.2,137.12 1 0
smtp-lite/internal/config/config.go:141.51,144.16 3 0
smtp-lite/internal/config/config.go:144.16,146.3 1 0
smtp-lite/internal/config/config.go:147.2,149.16 3 0
smtp-lite/internal/config/config.go:149.16,151.3 1 0
smtp-lite/internal/config/config.go:152.2,152.48 1 0
smtp-lite/internal/config/config.go:156.40,159.16 3 0
smtp-lite/internal/config/config.go:159.16,161.3 1 0
smtp-lite/internal/config/config.go:162.2,164.16 3 0
smtp-lite/internal/config/config.go:164.16,166.3 1 0
smtp-lite/internal/config/config.go:167.2,167.48 1 0
smtp-lite/internal/handler/api_key.go:14.76,16.2 1 0
smtp-lite/internal/handler/api_key.go:18.46,20.16 2 0
smtp-lite/internal/handler/api_key.go:20.16,23.3 2 0
smtp-lite/internal/handler/api_key.go:25.2,25.19 1 0
smtp-lite/internal/handler/api_key.go:32.48,34.47 2 0
smtp-lite/internal/handler/api_key.go:34.47,37.3 2 0
smtp-lite/internal/handler/api_key.go:39.2,40.16 2 0
smtp-lite/internal/handler/api_key.go:40.16,43.3 2 0
smtp-lite/internal/handler/api_key.go:45.2,52.4 1 0
smtp-lite/internal/handler/api_key.go:55.48,59.16 3 0
smtp-lite/internal/handler/api_key.go:59.16,62.3 2 0
smtp-lite/internal/handler/api_key.go:64.2,64.52 1 0
smtp-lite/internal/handler/api_key.go:64.52,67.3 2 0
smtp-lite/internal/handler/api_key.go:69.2,69.42 1 0
smtp-lite/internal/handler/api_key.go:72.47,76.16 3 0
smtp-lite/internal/handler/api_key.go:76.16,79.3 2 0
smtp-lite/internal/handler/api_key.go:81.2,82.16 2 0
smtp-lite/internal/handler/api_key.go:82.16,85.3 2 0
smtp-lite/internal/handler/api_key.go:87.2,93.4 1 0
smtp-lite/internal/handler/auth.go:13.68,15.2 1 0
smtp-lite/internal/handler/auth.go:22.45,24.47 2 0
smtp-lite/internal/handler/auth.go:24.47,27.3 2 0
smtp-lite/internal/handler/auth.go:29.2,30.16 2 0
smtp-lite/internal/handler/auth.go:30.16,33.3 2 0
smtp-lite/internal/handler/auth.go:35.2,38.4 1 0
smtp-lite/internal/handler/auth.go:46.54,48.47 2 0
smtp-lite/internal/handler/auth.go:48.47,51.3 2 0
smtp-lite/internal/handler/auth.go:52.2,52.87 1 0
smtp-lite/internal/handler/auth.go:52.87,55.3 2 0
smtp-lite/internal/handler/auth.go:56.2,56.71 1 0
smtp-lite/internal/handler/blacklist.go:15.84,17.2 1 0
smtp-lite/internal/handler/blacklist.go:19.49,21.16 2 0
smtp-lite/internal/handler/blacklist.go:21.16,24.3 2 0
smtp-lite/internal/handler/blacklist.go:25.2,25.19 1 0
smtp-lite/internal/handler/blacklist.go:33.48,35.47 2 0
smtp-lite/internal/handler/blacklist.go:35.47,38.3 2 0
smtp-lite/internal/handler/blacklist.go:40.2,40.66 1 0
smtp-lite/internal/handler/blacklist.go:40.66,43.3 2 0
smtp-lite/internal/handler/blacklist.go:45.2,45.53 1 0
smtp-lite/internal/handler/blacklist.go:53.53,55.47 2 0
smtp-lite/internal/handler/blacklist.go:55.47,58.3 2 0
smtp-lite/internal/handler/blacklist.go:61.2,62.22 2 0
smtp-lite/internal/handler/blacklist.go:62.22,64.3 1 0
smtp-lite/internal/handler/blacklist.go:66.2,67.31 2 0
smtp-lite/internal/handler/blacklist.go:67.31,69.50 2 0
smtp-lite/internal/handler/blacklist.go:69.50,71.4 1 0
smtp-lite/internal/handler/blacklist.go:74.2,75.16 2 0
smtp-lite/internal/handler/blacklist.go:75.16,78.3 2 0
smtp-lite/internal/handler/blacklist.go:80.2,83.4 1 0
smtp-lite/internal/handler/blacklist.go:86.51,88.16 2 0
smtp-lite/internal/handler/blacklist.go:88.16,91.3 2 0
smtp-lite/internal/handler/blacklist.go:93.2,93.50 1 0
smtp-lite/internal/handler/blacklist.go:93.50,96.3 2 0
smtp-lite/internal/handler/blacklist.go:98.2,98.57 1 0
smtp-lite/internal/handler/blacklist.go:101.50,103.17 2 0
smtp-lite/internal/handler/blacklist.go:103.17,106.3 2 0
smtp-lite/internal/handler/blacklist.go:108.2,112.4 2 0
smtp-lite/internal/handler/recipient.go:16.84,18.2 1 0
smtp-lite/internal/handler/recipient.go:21.54,23.16 2 0
smtp-lite/internal/handler/recipient.go:23.16,26.3 2 0
smtp-lite/internal/handler/recipient.go:27.2,27.21 1 0
smtp-lite/internal/handler/recipient.go:31.53,33.16 2 0
smtp-lite/internal/handler/recipient.go:33.16,36.3 2 0
smtp-lite/internal/handler/recipient.go:38.2,39.16 2 0
smtp-lite/internal/handler/recipient.go:39.16,42.3 2 0
smtp-lite/internal/handler/recipient.go:43.2,43.20 1 0
smtp-lite/internal/handler/recipient.go:51.56,53.47 2 0
smtp-lite/internal/handler/recipient.go:53.47,56.3 2 0
smtp-lite/internal/handler/recipient.go:58.2,63.58 2 0
smtp-lite/internal/handler/recipient.go:63.58,66.3 2 0
smtp-lite/internal/handler/recipient.go:68.2,68.20 1 0
smtp-lite/internal/handler/recipient.go:71.56,73.16 2 0
smtp-lite/internal/handler/recipient.go:73.16,76.3 2 0
smtp-lite/internal/handler/recipient.go:78.2,78.55 1 0
smtp-lite/internal/handler/recipient.go:78.55,81.3 2 0
smtp-lite/internal/handler/recipient.go:83.2,83.42 1 0
smtp-lite/internal/handler/recipient.go:87.65,89.22 2 0
smtp-lite/internal/handler/recipient.go:89.22,92.3 2 0
smtp-lite/internal/handler/recipient.go:94.2,95.16 2 0
smtp-lite/internal/handler/recipient.go:95.16,98.3 2 0
smtp-lite/internal/handler/recipient.go:100.2,101.16 2 0
smtp-lite/internal/handler/recipient.go:101.16,104.3 2 0
smtp-lite/internal/handler/recipient.go:105.2,105.25 1 0
smtp-lite/internal/handler/recipient.go:114.60,116.47 2 0
smtp-lite/internal/handler/recipient.go:116.47,119.3 2 0
smtp-lite/internal/handler/recipient.go:121.2,122.16 2 0
smtp-lite/internal/handler/recipient.go:122.16,125.3 2 0
smtp-lite/internal/handler/recipient.go:127.2,133.66 2 0
smtp-lite/internal/handler/recipient.go:133.66,136.3 2 0
smtp-lite/internal/handler/recipient.go:138.2,138.24 1 0
smtp-lite/internal/handler/recipient.go:146.65,148.47 2 0
smtp-lite/internal/handler/recipient.go:148.47,151.3 2 0
smtp-lite/internal/handler/recipient.go:153.2,154.16 2 0
smtp-lite/internal/handler/recipient.go:154.16,157.3 2 0
smtp-lite/internal/handler/recipient.go:160.2,161.22 2 0
smtp-lite/internal/handler/recipient.go:161.22,163.3 1 0
smtp-lite/internal/handler/recipient.go:166.2,167.31 2 0
smtp-lite/internal/handler/recipient.go:167.31,169.50 2 0
smtp-lite/internal/handler/recipient.go:169.50,171.4 1 0
smtp-lite/internal/handler/recipient.go:174.2,175.16 2 0
smtp-lite/internal/handler/recipient.go:175.16,178.3 2 0
smtp-lite/internal/handler/recipient.go:180.2,185.4 1 0
smtp-lite/internal/handler/recipient.go:188.60,190.16 2 0
smtp-lite/internal/handler/recipient.go:190.16,193.3 2 0
smtp-lite/internal/handler/recipient.go:195.2,195.59 1 0
smtp-lite/internal/handler/recipient.go:195.59,198.3 2 0
smtp-lite/internal/handler/recipient.go:200.2,200.42 1 0
smtp-lite/internal/handler/send.go:15.102,17.2 1 0
smtp-lite/internal/handler/send.go:19.44,21.47 2 0
smtp-lite/internal/handler/send.go:21.47,24.3 2 0
smtp-lite/internal/handler/send.go:26.2,27.16 2 0
smtp-lite/internal/handler/send.go:27.16,30.3 2 0
smtp-lite/internal/handler/send.go:32.2,32.18 1 0
smtp-lite/internal/handler/send.go:32.18,34.3 1 0
smtp-lite/internal/handler/send.go:34.8,36.3 1 0
smtp-lite/internal/handler/send.go:39.44,43.14 3 0
smtp-lite/internal/handler/send.go:43.14,45.3 1 0
smtp-lite/internal/handler/send.go:46.2,46.36 1 0
smtp-lite/internal/handler/send.go:46.36,48.3 1 0
smtp-lite/internal/handler/send.go:50.2,51.16 2 0
smtp-lite/internal/handler/send.go:51.16,54.3 2 0
smtp-lite/internal/handler/send.go:56.2,62.4 1 0
smtp-lite/internal/handler/send.go:65.45,67.16 2 0
smtp-lite/internal/handler/send.go:67.16,70.3 2 0
smtp-lite/internal/handler/send.go:72.2,72.20 1 0
smtp-lite/internal/handler/smtp.go:15.68,17.2 1 0
smtp-lite/internal/handler/smtp.go:19.44,21.16 2 0
smtp-lite/internal/handler/smtp.go:21.16,24.3 2 0
smtp-lite/internal/handler/smtp.go:27.2,27.26 1 0
smtp-lite/internal/handler/smtp.go:27.26,29.3 1 0
smtp-lite/internal/handler/smtp.go:31.2,31.23 1 0
smtp-lite/internal/handler/smtp.go:42.46,44.47 2 0
smtp-lite/internal/handler/smtp.go:44.47,47.3 2 0
smtp-lite/internal/handler/smtp.go:49.2,49.23 1 0
smtp-lite/internal/handler/smtp.go:49.23,51.3 1 0
smtp-lite/internal/handler/smtp.go:53.2,61.54 2 0
smtp-lite/internal/handler/smtp.go:61.54,64.3 2 0
smtp-lite/internal/handler/smtp.go:66.2,67.22 2 0
smtp-lite/internal/handler/smtp.go:79.46,83.47 3 0
smtp-lite/internal/handler/smtp.go:83.47,86.3 2 0
smtp-lite/internal/handler/smtp.go:88.2,89.21 2 0
smtp-lite/internal/handler/smtp.go:89.21,91.3 1 0
smtp-lite/internal/handler/smtp.go:92.2,92.24 1 0
smtp-lite/internal/handler/smtp.go:92.24,94.3 1 0
smtp-lite/internal/handler/smtp.go:95.2,95.24 1 0
smtp-lite/internal/handler/smtp.go:95.24,97.3 1 0
smtp-lite/internal/handler/smtp.go:98.2,98.22 1 0
smtp-lite/internal/handler/smtp.go:98.22,100.3 1 0
smtp-lite/internal/handler/smtp.go:101.2,101.24 1 0
smtp-lite/internal/handler/smtp.go:101.24,103.3 1 0
smtp-lite/internal/handler/smtp.go:104.2,104.22 1 0
smtp-lite/internal/handler/smtp.go:104.22,106.3 1 0
smtp-lite/internal/handler/smtp.go:108.2,108.69 1 0
smtp-lite/internal/handler/smtp.go:108.69,111.3 2 0
smtp-lite/internal/handler/smtp.go:113.2,113.42 1 0
smtp-lite/internal/handler/smtp.go:116.46,119.60 2 0
smtp-lite/internal/handler/smtp.go:119.60,122.3 2 0
smtp-lite/internal/handler/smtp.go:124.2,124.42 1 0
smtp-lite/internal/handler/smtp.go:127.44,131.16 3 0
smtp-lite/internal/handler/smtp.go:131.16,134.3 2 0
smtp-lite/internal/handler/smtp.go:136.2,137.16 2 0
smtp-lite/internal/handler/smtp.go:137.16,140.3 2 0
smtp-lite/internal/handler/smtp.go:142.2,143.16 2 0
smtp-lite/internal/handler/smtp.go:143.16,146.3 2 0
smtp-lite/internal/handler/smtp.go:148.2,148.73 1 0
smtp-lite/internal/handler/smtp.go:151.46,154.60 2 0
smtp-lite/internal/handler/smtp.go:154.60,157.3 2 0
smtp-lite/internal/handler/smtp.go:159.2,159.42 1 0
smtp-lite/internal/handler/smtp.go:166.48,170.47 3 0
smtp-lite/internal/handler/smtp.go:170.47,173.3 2 0
smtp-lite/internal/handler/smtp.go:175.2,176.16 2 0
smtp-lite/internal/handler/smtp.go:176.16,179.3 2 0
smtp-lite/internal/handler/smtp.go:181.2,181.64 1 0
smtp-lite/internal/handler/smtp.go:181.64,184.3 2 0
smtp-lite/internal/handler/smtp.go:186.2,186.94 1 0
smtp-lite/internal/handler/smtp.go:189.36,192.2 2 0
smtp-lite/internal/handler/system.go:16.40,16.67 1 0
smtp-lite/internal/handler/system.go:19.48,22.12 2 0
smtp-lite/internal/handler/system.go:22.12,26.17 3 0
smtp-lite/internal/handler/system.go:26.17,29.4 2 0
smtp-lite/internal/handler/system.go:32.3,33.44 2 0
smtp-lite/internal/handler/system.go:33.44,39.36 6 0
smtp-lite/internal/handler/system.go:39.36,41.5 1 0
smtp-lite/internal/handler/system.go:41.10,43.5 1 0
smtp-lite/internal/handler/system.go:47.3,50.36 4 0
smtp-lite/internal/handler/system.go:50.36,53.4 2 0
smtp-lite/internal/handler/system.go:55.3,56.17 2 0
smtp-lite/internal/handler/system.go:56.17,59.4 2 0
smtp-lite/internal/handler/system.go:61.3,64.37 4 0
smtp-lite/internal/handler/system.go:64.37,67.4 2 0
smtp-lite/internal/handler/system.go:69.3,71.69 3 0
smtp-lite/internal/handler/system.go:71.69,73.4 1 0
smtp-lite/internal/handler/template.go:15.80,17.2 1 0
smtp-lite/internal/handler/template.go:19.48,21.16 2 0
smtp-lite/internal/handler/template.go:21.16,24.3 2 0
smtp-lite/internal/handler/template.go:25.2,25.24 1 0
smtp-lite/internal/handler/template.go:28.47,30.16 2 0
smtp-lite/internal/handler/template.go:30.16,33.3 2 0
smtp-lite/internal/handler/template.go:35.2,36.16 2 0
smtp-lite/internal/handler/template.go:36.16,39.3 2 0
smtp-lite/internal/handler/template.go:40.2,40.23 1 0
smtp-lite/internal/handler/template.go:51.50,53.47 2 0
smtp-lite/internal/handler/template.go:53.47,56.3 2 0
smtp-lite/internal/handler/template.go:58.2,66.55 2 0
smtp-lite/internal/handler/template.go:66.55,69.3 2 0
smtp-lite/internal/handler/template.go:71.2,71.23 1 0
smtp-lite/internal/handler/template.go:82.50,84.16 2 0
smtp-lite/internal/handler/template.go:84.16,87.3 2 0
smtp-lite/internal/handler/template.go:89.2,90.47 2 0
smtp-lite/internal/handler/template.go:90.47,93.3 2 0
smtp-lite/internal/handler/template.go:95.2,96.20 2 0
smtp-lite/internal/handler/template.go:96.20,98.3 1 0
smtp-lite/internal/handler/template.go:99.2,99.23 1 0
smtp-lite/internal/handler/template.go:99.23,101.3 1 0
smtp-lite/internal/handler/template.go:102.2,102.20 1 0
smtp-lite/internal/handler/template.go:102.20,104.3 1 0
smtp-lite/internal/handler/template.go:105.2,106.27 2 0
smtp-lite/internal/handler/template.go:106.27,108.3 1 0
smtp-lite/internal/handler/template.go:110.2,110.58 1 0
smtp-lite/internal/handler/template.go:110.58,113.3 2 0
smtp-lite/internal/handler/template.go:115.2,115.42 1 0
smtp-lite/internal/handler/template.go:118.50,120.16 2 0
smtp-lite/internal/handler/template.go:120.16,123.3 2 0
smtp-lite/internal/handler/template.go:125.2,125.49 1 0
smtp-lite/internal/handler/template.go:125.49,128.3 2 0
smtp-lite/internal/handler/template.go:130.2,130.42 1 0
smtp-lite/internal/handler/template.go:133.53,135.16 2 0
smtp-lite/internal/handler/template.go:135.16,138.3 2 0
smtp-lite/internal/handler/template.go:140.2,141.16 2 0
smtp-lite/internal/handler/template.go:141.16,144.3 2 0
smtp-lite/internal/handler/template.go:146.2,146.23 1 0
smtp-lite/internal/handler/track.go:15.68,17.2 1 0
smtp-lite/internal/handler/track.go:20.45,29.2 4 0
smtp-lite/internal/handler/track.go:32.46,36.15 3 0
smtp-lite/internal/handler/track.go:36.15,39.3 2 0
smtp-lite/internal/handler/track.go:42.2,45.35 2 0
smtp-lite/internal/handler/track.go:49.46,54.16 3 0
smtp-lite/internal/handler/track.go:54.16,57.3 2 0
smtp-lite/internal/handler/track.go:59.2,60.16 2 0
smtp-lite/internal/handler/track.go:60.16,63.3 2 0
smtp-lite/internal/handler/track.go:65.2,65.30 1 0
smtp-lite/internal/handler/webhook.go:16.76,18.2 1 0
smtp-lite/internal/handler/webhook.go:20.47,22.16 2 0
smtp-lite/internal/handler/webhook.go:22.16,25.3 2 0
smtp-lite/internal/handler/webhook.go:26.2,26.23 1 0
smtp-lite/internal/handler/webhook.go:29.46,31.16 2 0
smtp-lite/internal/handler/webhook.go:31.16,34.3 2 0
smtp-lite/internal/handler/webhook.go:36.2,37.16 2 0
smtp-lite/internal/handler/webhook.go:37.16,40.3 2 0
smtp-lite/internal/handler/webhook.go:41.2,41.22 1 0
smtp-lite/internal/handler/webhook.go:51.49,53.47 2 0
smtp-lite/internal/handler/webhook.go:53.47,56.3 2 0
smtp-lite/internal/handler/webhook.go:58.2,67.53 3 0
smtp-lite/internal/handler/webhook.go:67.53,70.3 2 0
smtp-lite/internal/handler/webhook.go:72.2,72.22 1 0
smtp-lite/internal/handler/webhook.go:82.49,84.16 2 0
smtp-lite/internal/handler/webhook.go:84.16,87.3 2 0
smtp-lite/internal/handler/webhook.go:89.2,90.47 2 0
smtp-lite/internal/handler/webhook.go:90.47,93.3 2 0
smtp-lite/internal/handler/webhook.go:95.2,96.20 2 0
smtp-lite/internal/handler/webhook.go:96.20,98.3 1 0
smtp-lite/internal/handler/webhook.go:99.2,99.19 1 0
smtp-lite/internal/handler/webhook.go:99.19,101.3 1 0
smtp-lite/internal/handler/webhook.go:102.2,102.22 1 0
smtp-lite/internal/handler/webhook.go:102.22,104.3 1 0
smtp-lite/internal/handler/webhook.go:105.2,105.25 1 0
smtp-lite/internal/handler/webhook.go:105.25,108.3 2 0
smtp-lite/internal/handler/webhook.go:110.2,110.57 1 0
smtp-lite/internal/handler/webhook.go:110.57,113.3 2 0
smtp-lite/internal/handler/webhook.go:115.2,115.42 1 0
smtp-lite/internal/handler/webhook.go:118.49,120.16 2 0
smtp-lite/internal/handler/webhook.go:120.16,123.3 2 0
smtp-lite/internal/handler/webhook.go:125.2,125.48 1 0
smtp-lite/internal/handler/webhook.go:125.48,128.3 2 0
smtp-lite/internal/handler/webhook.go:130.2,130.42 1 0
smtp-lite/internal/handler/webhook.go:133.49,135.16 2 0
smtp-lite/internal/handler/webhook.go:135.16,138.3 2 0
smtp-lite/internal/handler/webhook.go:140.2,140.48 1 0
smtp-lite/internal/handler/webhook.go:140.48,143.3 2 0
smtp-lite/internal/handler/webhook.go:145.2,145.42 1 0
smtp-lite/internal/handler/webhook.go:148.47,150.16 2 0
smtp-lite/internal/handler/webhook.go:150.16,153.3 2 0
smtp-lite/internal/handler/webhook.go:155.2,156.16 2 0
smtp-lite/internal/handler/webhook.go:156.16,159.3 2 0
smtp-lite/internal/handler/webhook.go:162.2,169.4 2 0
smtp-lite/internal/model/model.go:27.42,27.68 1 0
smtp-lite/internal/model/model.go:29.55,30.22 1 0
smtp-lite/internal/model/model.go:30.22,32.3 1 0
smtp-lite/internal/model/model.go:33.2,33.12 1 0
smtp-lite/internal/model/model.go:46.37,46.58 1 0
smtp-lite/internal/model/model.go:48.50,49.22 1 0
smtp-lite/internal/model/model.go:49.22,51.3 1 0
smtp-lite/internal/model/model.go:52.2,52.12 1 0
smtp-lite/internal/model/model.go:74.38,74.60 1 0
smtp-lite/internal/model/model.go:76.51,77.22 1 0
smtp-lite/internal/model/model.go:77.22,79.3 1 0
smtp-lite/internal/model/model.go:80.2,80.12 1 0
smtp-lite/internal/model/model.go:95.44,95.72 1 0
smtp-lite/internal/model/model.go:97.57,98.22 1 0
smtp-lite/internal/model/model.go:98.22,100.3 1 0
smtp-lite/internal/model/model.go:101.2,101.12 1 0
smtp-lite/internal/model/model.go:116.45,116.74 1 0
smtp-lite/internal/model/model.go:118.58,119.22 1 0
smtp-lite/internal/model/model.go:119.22,121.3 1 0
smtp-lite/internal/model/model.go:122.2,122.12 1 0
smtp-lite/internal/model/model.go:137.40,137.63 1 0
smtp-lite/internal/model/model.go:139.53,140.22 1 0
smtp-lite/internal/model/model.go:140.22,142.3 1 0
smtp-lite/internal/model/model.go:143.2,143.12 1 0
smtp-lite/internal/model/model.go:154.40,154.62 1 0
smtp-lite/internal/model/model.go:156.53,157.22 1 0
smtp-lite/internal/model/model.go:157.22,159.3 1 0
smtp-lite/internal/model/model.go:160.2,160.12 1 0
smtp-lite/internal/model/model.go:175.38,175.59 1 0
smtp-lite/internal/model/model.go:177.51,178.22 1 0
smtp-lite/internal/model/model.go:178.22,180.3 1 0
smtp-lite/internal/model/model.go:181.2,181.12 1 0
smtp-lite/internal/model/model.go:208.40,208.63 1 0
smtp-lite/internal/model/model.go:210.53,211.22 1 0
smtp-lite/internal/model/model.go:211.22,213.3 1 0
smtp-lite/internal/model/model.go:214.2,214.12 1 0
smtp-lite/internal/model/model.go:231.40,231.64 1 0
smtp-lite/internal/model/model.go:233.53,234.22 1 0
smtp-lite/internal/model/model.go:234.22,236.3 1 0
smtp-lite/internal/model/model.go:237.2,237.12 1 0
smtp-lite/internal/model/model.go:249.40,249.64 1 0
smtp-lite/internal/model/model.go:251.53,252.22 1 0
smtp-lite/internal/model/model.go:252.22,254.3 1 0
smtp-lite/internal/model/model.go:255.2,255.12 1 0
smtp-lite/internal/config/config.go:61.21,62.17 1 1
smtp-lite/internal/config/config.go:62.17,95.17 3 1
smtp-lite/internal/config/config.go:95.17,97.4 1 0
smtp-lite/internal/config/config.go:100.3,100.47 1 1
smtp-lite/internal/config/config.go:100.47,102.4 1 0
smtp-lite/internal/config/config.go:103.3,103.47 1 1
smtp-lite/internal/config/config.go:103.47,105.4 1 0
smtp-lite/internal/config/config.go:106.3,106.49 1 1
smtp-lite/internal/config/config.go:106.49,108.4 1 0
smtp-lite/internal/config/config.go:109.3,109.53 1 1
smtp-lite/internal/config/config.go:109.53,111.4 1 0
smtp-lite/internal/config/config.go:112.3,112.43 1 1
smtp-lite/internal/config/config.go:112.43,114.24 2 0
smtp-lite/internal/config/config.go:114.24,115.29 1 0
smtp-lite/internal/config/config.go:115.29,117.6 1 0
smtp-lite/internal/config/config.go:120.3,120.56 1 1
smtp-lite/internal/config/config.go:120.56,122.24 2 0
smtp-lite/internal/config/config.go:122.24,123.29 1 0
smtp-lite/internal/config/config.go:123.29,125.6 1 0
smtp-lite/internal/config/config.go:129.2,129.12 1 1
smtp-lite/internal/config/config.go:133.20,134.16 1 6
smtp-lite/internal/config/config.go:134.16,136.3 1 0
smtp-lite/internal/config/config.go:137.2,137.12 1 6
smtp-lite/internal/config/config.go:141.51,144.16 3 0
smtp-lite/internal/config/config.go:144.16,146.3 1 0
smtp-lite/internal/config/config.go:147.2,149.16 3 0
smtp-lite/internal/config/config.go:149.16,151.3 1 0
smtp-lite/internal/config/config.go:152.2,152.48 1 0
smtp-lite/internal/config/config.go:156.40,159.16 3 0
smtp-lite/internal/config/config.go:159.16,161.3 1 0
smtp-lite/internal/config/config.go:162.2,164.16 3 0
smtp-lite/internal/config/config.go:164.16,166.3 1 0
smtp-lite/internal/config/config.go:167.2,167.48 1 0
smtp-lite/internal/middleware/auth.go:10.37,13.30 2 3
smtp-lite/internal/middleware/auth.go:13.30,15.18 2 3
smtp-lite/internal/middleware/auth.go:15.18,19.4 3 1
smtp-lite/internal/middleware/auth.go:22.3,22.47 1 2
smtp-lite/internal/middleware/auth.go:22.47,24.4 1 2
smtp-lite/internal/middleware/auth.go:26.3,27.17 2 2
smtp-lite/internal/middleware/auth.go:27.17,31.4 3 1
smtp-lite/internal/middleware/auth.go:33.3,35.11 3 1
smtp-lite/internal/middleware/auth.go:40.75,41.30 1 0
smtp-lite/internal/middleware/auth.go:41.30,43.19 2 0
smtp-lite/internal/middleware/auth.go:43.19,47.4 3 0
smtp-lite/internal/middleware/auth.go:49.3,49.38 1 0
smtp-lite/internal/middleware/auth.go:49.38,53.4 3 0
smtp-lite/internal/middleware/auth.go:56.3,57.17 2 0
smtp-lite/internal/middleware/auth.go:57.17,59.4 1 0
smtp-lite/internal/middleware/auth.go:61.3,62.11 2 0
smtp-lite/internal/middleware/auth.go:67.74,70.30 2 0
smtp-lite/internal/middleware/auth.go:70.30,73.19 2 0
smtp-lite/internal/middleware/auth.go:73.19,74.38 1 0
smtp-lite/internal/middleware/auth.go:74.38,76.19 2 0
smtp-lite/internal/middleware/auth.go:76.19,78.6 1 0
smtp-lite/internal/middleware/auth.go:79.5,81.11 3 0
smtp-lite/internal/middleware/auth.go:86.3,87.18 2 0
smtp-lite/internal/middleware/auth.go:87.18,88.48 1 0
smtp-lite/internal/middleware/auth.go:88.48,90.5 1 0
smtp-lite/internal/middleware/auth.go:92.4,93.18 2 0
smtp-lite/internal/middleware/auth.go:93.18,98.5 4 0
smtp-lite/internal/middleware/auth.go:101.3,102.12 2 0
smtp-lite/internal/model/model.go:27.42,27.68 1 0
smtp-lite/internal/model/model.go:29.55,30.22 1 0
smtp-lite/internal/model/model.go:30.22,32.3 1 0
smtp-lite/internal/model/model.go:33.2,33.12 1 0
smtp-lite/internal/model/model.go:46.37,46.58 1 0
smtp-lite/internal/model/model.go:48.50,49.22 1 0
smtp-lite/internal/model/model.go:49.22,51.3 1 0
smtp-lite/internal/model/model.go:52.2,52.12 1 0
smtp-lite/internal/model/model.go:74.38,74.60 1 0
smtp-lite/internal/model/model.go:76.51,77.22 1 0
smtp-lite/internal/model/model.go:77.22,79.3 1 0
smtp-lite/internal/model/model.go:80.2,80.12 1 0
smtp-lite/internal/model/model.go:95.44,95.72 1 0
smtp-lite/internal/model/model.go:97.57,98.22 1 0
smtp-lite/internal/model/model.go:98.22,100.3 1 0
smtp-lite/internal/model/model.go:101.2,101.12 1 0
smtp-lite/internal/model/model.go:116.45,116.74 1 0
smtp-lite/internal/model/model.go:118.58,119.22 1 0
smtp-lite/internal/model/model.go:119.22,121.3 1 0
smtp-lite/internal/model/model.go:122.2,122.12 1 0
smtp-lite/internal/model/model.go:137.40,137.63 1 0
smtp-lite/internal/model/model.go:139.53,140.22 1 0
smtp-lite/internal/model/model.go:140.22,142.3 1 0
smtp-lite/internal/model/model.go:143.2,143.12 1 0
smtp-lite/internal/model/model.go:154.40,154.62 1 0
smtp-lite/internal/model/model.go:156.53,157.22 1 0
smtp-lite/internal/model/model.go:157.22,159.3 1 0
smtp-lite/internal/model/model.go:160.2,160.12 1 0
smtp-lite/internal/model/model.go:175.38,175.59 1 0
smtp-lite/internal/model/model.go:177.51,178.22 1 0
smtp-lite/internal/model/model.go:178.22,180.3 1 0
smtp-lite/internal/model/model.go:181.2,181.12 1 0
smtp-lite/internal/model/model.go:208.40,208.63 1 0
smtp-lite/internal/model/model.go:210.53,211.22 1 0
smtp-lite/internal/model/model.go:211.22,213.3 1 0
smtp-lite/internal/model/model.go:214.2,214.12 1 0
smtp-lite/internal/model/model.go:231.40,231.64 1 0
smtp-lite/internal/model/model.go:233.53,234.22 1 0
smtp-lite/internal/model/model.go:234.22,236.3 1 0
smtp-lite/internal/model/model.go:237.2,237.12 1 0
smtp-lite/internal/model/model.go:249.40,249.64 1 0
smtp-lite/internal/model/model.go:251.53,252.22 1 0
smtp-lite/internal/model/model.go:252.22,254.3 1 0
smtp-lite/internal/model/model.go:255.2,255.12 1 0
